<?xml version="1.0" encoding="UTF-8"?>
<testsuites name="Mocha Tests" time="0" tests="12" failures="0" skipped="12">
  <testsuite name="Root Suite" timestamp="2020-05-28T23:22:10" tests="0" file="cypress/integration/features/Trips.spec.js" failures="0" time="0">
  </testsuite>
  <testsuite name="Trips" timestamp="2020-05-28T23:22:10" tests="0" failures="0" time="0">
  </testsuite>
  <testsuite name="Available Trips" timestamp="2020-05-28T23:22:10" tests="7" failures="0" time="0">
  </testsuite>
  <testsuite name="Trips List" timestamp="2020-05-28T23:22:18" tests="5" failures="0" time="0">
  </testsuite>
</testsuites>