<?xml version="1.0" encoding="UTF-8"?>
<testsuites name="Mocha Tests" time="0" tests="2" failures="0" skipped="2">
  <testsuite name="Root Suite" timestamp="2020-05-30T16:55:52" tests="0" file="cypress/integration/authentification/Create-Delete-Account.spec.js" failures="0" time="0">
  </testsuite>
  <testsuite name="Authentification" timestamp="2020-05-30T16:55:52" tests="0" failures="0" time="0">
  </testsuite>
  <testsuite name="Account" timestamp="2020-05-30T16:55:52" tests="2" failures="0" time="0">
  </testsuite>
</testsuites>