<?xml version="1.0" encoding="UTF-8"?>
<testsuites name="Mocha Tests" time="0" tests="16" failures="0" skipped="16">
  <testsuite name="Root Suite" timestamp="2020-05-30T16:59:04" tests="0" file="cypress/integration/features/Vendor.spec.js" failures="0" time="0">
  </testsuite>
  <testsuite name="Vendor[e-commerce include]" timestamp="2020-05-30T16:59:04" tests="0" failures="0" time="0">
  </testsuite>
  <testsuite name="Vendor List" timestamp="2020-05-30T16:59:04" tests="4" failures="0" time="0">
  </testsuite>
  <testsuite name="Vendor Registration" timestamp="2020-05-30T16:59:20" tests="6" failures="0" time="0">
  </testsuite>
  <testsuite name="E-Commerce List" timestamp="2020-05-30T16:59:24" tests="5" failures="0" time="0">
  </testsuite>
  <testsuite name="E-Commerce Registration" timestamp="2020-05-30T16:59:28" tests="1" failures="0" time="0">
  </testsuite>
</testsuites>